<?xml version="1.0" encoding="UTF-8"?>
<!-- Generated by org.testng.reporters.JUnitReportReporter -->
<testsuite hostname="Enthrall_IT" failures="0" tests="7" name="pages.HomePageTest" time="5.446" errors="0" timestamp="2024-02-18T21:54:00 EST" skipped="6">
  <testcase classname="pages.HomePageTest" name="clickForgotUserIdTest" time="5.446"/>
  <system-out/>
  <testcase classname="pages.HomePageTest" name="clickLogoTest">
    <skipped/>
  </testcase> <!-- clickLogoTest -->
  <system-out/>
  <testcase classname="pages.HomePageTest" name="clickUserIdFieldTest">
    <skipped/>
  </testcase> <!-- clickUserIdFieldTest -->
  <system-out/>
  <testcase classname="pages.HomePageTest" name="clickPasswordFieldTest">
    <skipped/>
  </testcase> <!-- clickPasswordFieldTest -->
  <system-out/>
  <testcase classname="pages.HomePageTest" name="clickNewUserRegistrationTest">
    <skipped/>
  </testcase> <!-- clickNewUserRegistrationTest -->
  <system-out/>
  <testcase classname="pages.HomePageTest" name="clickLoginButtonTest">
    <skipped/>
  </testcase> <!-- clickLoginButtonTest -->
  <system-out/>
  <testcase classname="pages.HomePageTest" name="clickWrongNewUserRegistrationTest">
    <skipped/>
  </testcase> <!-- clickWrongNewUserRegistrationTest -->
  <system-out/>
</testsuite> <!-- pages.HomePageTest -->
